<?xml version="1.0" encoding="UTF-8"?>
<!-- Generated by org.testng.reporters.JUnitXMLReporter -->
<testsuite hostname="QA_PC" ignored="0" name="Default test" tests="3" failures="0" timestamp="14 Dec 2017 13:32:46 GMT" time="19.188" errors="0">
  <testcase name="linkLoginPage" time="0.885" classname="com.p1109.QA.TestCase.LoginPageTest"/>
  <testcase name="loginPageTitleTest" time="0.011" classname="com.p1109.QA.TestCase.LoginPageTest"/>
  <testcase name="validLoginTest" time="4.285" classname="com.p1109.QA.TestCase.LoginPageTest"/>
</testsuite> <!-- Default test -->
