<?xml version="1.0" encoding="UTF-8"?>
<!-- Generated by org.testng.reporters.JUnitXMLReporter -->
<testsuite hostname="QA_PC" ignored="0" name="Default test" tests="3" failures="0" timestamp="14 Dec 2017 13:11:28 GMT" time="16.976" errors="0">
  <testcase name="linkLoginPage" time="0.85" classname="com.p1109.QA.TestCase.LoginPageTest"/>
  <testcase name="loginPageTitleTest" time="0.011" classname="com.p1109.QA.TestCase.LoginPageTest"/>
  <testcase name="validLoginTest" time="4.429" classname="com.p1109.QA.TestCase.LoginPageTest"/>
</testsuite> <!-- Default test -->
